INFO 2018-08-13 18:22:39,510 - Running all the ml models on all the contrast
DEBUG 2018-08-13 18:22:39,649 - Running the svm_kernel model of the 0 th iteration for Faces_con_0001 contrast
DEBUG 2018-08-13 18:22:39,673 - Running the naive_bayes model of the 0 th iteration for Faces_con_0001 contrast
DEBUG 2018-08-13 18:22:39,819 - Running the decision_tree model of the 0 th iteration for Faces_con_0001 contrast
DEBUG 2018-08-13 18:22:39,832 - Running the rfc model of the 0 th iteration for Faces_con_0001 contrast
DEBUG 2018-08-13 18:22:40,080 - Running the svm_kernel model of the 1 th iteration for Faces_con_0001 contrast
DEBUG 2018-08-13 18:22:40,097 - Running the naive_bayes model of the 1 th iteration for Faces_con_0001 contrast
DEBUG 2018-08-13 18:22:40,104 - Running the decision_tree model of the 1 th iteration for Faces_con_0001 contrast
DEBUG 2018-08-13 18:22:40,115 - Running the rfc model of the 1 th iteration for Faces_con_0001 contrast
DEBUG 2018-08-13 18:22:40,348 - Running the svm_kernel model of the 0 th iteration for Faces_con_0001 contrast
DEBUG 2018-08-13 18:22:40,359 - Running the naive_bayes model of the 0 th iteration for Faces_con_0001 contrast
DEBUG 2018-08-13 18:22:40,365 - Running the decision_tree model of the 0 th iteration for Faces_con_0001 contrast
DEBUG 2018-08-13 18:22:40,377 - Running the rfc model of the 0 th iteration for Faces_con_0001 contrast
DEBUG 2018-08-13 18:22:40,635 - Running the svm_kernel model of the 1 th iteration for Faces_con_0001 contrast
DEBUG 2018-08-13 18:22:40,650 - Running the naive_bayes model of the 1 th iteration for Faces_con_0001 contrast
DEBUG 2018-08-13 18:22:40,655 - Running the decision_tree model of the 1 th iteration for Faces_con_0001 contrast
DEBUG 2018-08-13 18:22:40,665 - Running the rfc model of the 1 th iteration for Faces_con_0001 contrast
DEBUG 2018-08-13 18:22:40,908 - Running the svm_kernel model of the 0 th iteration for Faces_con_0001 contrast
DEBUG 2018-08-13 18:22:40,920 - Running the naive_bayes model of the 0 th iteration for Faces_con_0001 contrast
DEBUG 2018-08-13 18:22:40,926 - Running the decision_tree model of the 0 th iteration for Faces_con_0001 contrast
DEBUG 2018-08-13 18:22:40,936 - Running the rfc model of the 0 th iteration for Faces_con_0001 contrast
DEBUG 2018-08-13 18:22:41,194 - Running the svm_kernel model of the 1 th iteration for Faces_con_0001 contrast
DEBUG 2018-08-13 18:22:41,207 - Running the naive_bayes model of the 1 th iteration for Faces_con_0001 contrast
DEBUG 2018-08-13 18:22:41,213 - Running the decision_tree model of the 1 th iteration for Faces_con_0001 contrast
DEBUG 2018-08-13 18:22:41,226 - Running the rfc model of the 1 th iteration for Faces_con_0001 contrast
DEBUG 2018-08-13 18:22:41,573 - Running the svm_kernel model of the 0 th iteration for Faces_con_0001 contrast
DEBUG 2018-08-13 18:22:41,596 - Running the naive_bayes model of the 0 th iteration for Faces_con_0001 contrast
DEBUG 2018-08-13 18:22:41,602 - Running the decision_tree model of the 0 th iteration for Faces_con_0001 contrast
DEBUG 2018-08-13 18:22:41,620 - Running the rfc model of the 0 th iteration for Faces_con_0001 contrast
DEBUG 2018-08-13 18:22:41,953 - Running the svm_kernel model of the 1 th iteration for Faces_con_0001 contrast
DEBUG 2018-08-13 18:22:42,005 - Running the naive_bayes model of the 1 th iteration for Faces_con_0001 contrast
DEBUG 2018-08-13 18:22:42,020 - Running the decision_tree model of the 1 th iteration for Faces_con_0001 contrast
DEBUG 2018-08-13 18:22:42,043 - Running the rfc model of the 1 th iteration for Faces_con_0001 contrast
DEBUG 2018-08-13 18:22:42,795 - Running the svm_kernel model of the 0 th iteration for Faces_con_0001_389 contrast
DEBUG 2018-08-13 18:22:42,813 - Running the naive_bayes model of the 0 th iteration for Faces_con_0001_389 contrast
DEBUG 2018-08-13 18:22:42,820 - Running the decision_tree model of the 0 th iteration for Faces_con_0001_389 contrast
DEBUG 2018-08-13 18:22:42,835 - Running the rfc model of the 0 th iteration for Faces_con_0001_389 contrast
DEBUG 2018-08-13 18:22:43,274 - Running the svm_kernel model of the 1 th iteration for Faces_con_0001_389 contrast
DEBUG 2018-08-13 18:22:43,291 - Running the naive_bayes model of the 1 th iteration for Faces_con_0001_389 contrast
DEBUG 2018-08-13 18:22:43,299 - Running the decision_tree model of the 1 th iteration for Faces_con_0001_389 contrast
DEBUG 2018-08-13 18:22:43,311 - Running the rfc model of the 1 th iteration for Faces_con_0001_389 contrast
DEBUG 2018-08-13 18:22:43,605 - Running the svm_kernel model of the 0 th iteration for Faces_con_0001_389 contrast
DEBUG 2018-08-13 18:22:43,627 - Running the naive_bayes model of the 0 th iteration for Faces_con_0001_389 contrast
DEBUG 2018-08-13 18:22:43,635 - Running the decision_tree model of the 0 th iteration for Faces_con_0001_389 contrast
DEBUG 2018-08-13 18:22:43,657 - Running the rfc model of the 0 th iteration for Faces_con_0001_389 contrast
DEBUG 2018-08-13 18:22:43,969 - Running the svm_kernel model of the 1 th iteration for Faces_con_0001_389 contrast
DEBUG 2018-08-13 18:22:43,989 - Running the naive_bayes model of the 1 th iteration for Faces_con_0001_389 contrast
DEBUG 2018-08-13 18:22:43,995 - Running the decision_tree model of the 1 th iteration for Faces_con_0001_389 contrast
DEBUG 2018-08-13 18:22:44,014 - Running the rfc model of the 1 th iteration for Faces_con_0001_389 contrast
DEBUG 2018-08-13 18:22:44,326 - Running the svm_kernel model of the 0 th iteration for Faces_con_0001_389 contrast
DEBUG 2018-08-13 18:22:44,352 - Running the naive_bayes model of the 0 th iteration for Faces_con_0001_389 contrast
DEBUG 2018-08-13 18:22:44,358 - Running the decision_tree model of the 0 th iteration for Faces_con_0001_389 contrast
DEBUG 2018-08-13 18:22:44,373 - Running the rfc model of the 0 th iteration for Faces_con_0001_389 contrast
DEBUG 2018-08-13 18:22:44,678 - Running the svm_kernel model of the 1 th iteration for Faces_con_0001_389 contrast
DEBUG 2018-08-13 18:22:44,699 - Running the naive_bayes model of the 1 th iteration for Faces_con_0001_389 contrast
DEBUG 2018-08-13 18:22:44,705 - Running the decision_tree model of the 1 th iteration for Faces_con_0001_389 contrast
DEBUG 2018-08-13 18:22:44,720 - Running the rfc model of the 1 th iteration for Faces_con_0001_389 contrast
DEBUG 2018-08-13 18:22:45,109 - Running the svm_kernel model of the 0 th iteration for Faces_con_0001_389 contrast
DEBUG 2018-08-13 18:22:45,155 - Running the naive_bayes model of the 0 th iteration for Faces_con_0001_389 contrast
DEBUG 2018-08-13 18:22:45,161 - Running the decision_tree model of the 0 th iteration for Faces_con_0001_389 contrast
DEBUG 2018-08-13 18:22:45,187 - Running the rfc model of the 0 th iteration for Faces_con_0001_389 contrast
DEBUG 2018-08-13 18:22:45,594 - Running the svm_kernel model of the 1 th iteration for Faces_con_0001_389 contrast
DEBUG 2018-08-13 18:22:45,636 - Running the naive_bayes model of the 1 th iteration for Faces_con_0001_389 contrast
DEBUG 2018-08-13 18:22:45,642 - Running the decision_tree model of the 1 th iteration for Faces_con_0001_389 contrast
DEBUG 2018-08-13 18:22:45,667 - Running the rfc model of the 1 th iteration for Faces_con_0001_389 contrast
DEBUG 2018-08-13 18:22:46,216 - Running the svm_kernel model of the 0 th iteration for Faces_con_0002 contrast
DEBUG 2018-08-13 18:22:46,231 - Running the naive_bayes model of the 0 th iteration for Faces_con_0002 contrast
DEBUG 2018-08-13 18:22:46,237 - Running the decision_tree model of the 0 th iteration for Faces_con_0002 contrast
DEBUG 2018-08-13 18:22:46,247 - Running the rfc model of the 0 th iteration for Faces_con_0002 contrast
DEBUG 2018-08-13 18:22:46,502 - Running the svm_kernel model of the 1 th iteration for Faces_con_0002 contrast
DEBUG 2018-08-13 18:22:46,515 - Running the naive_bayes model of the 1 th iteration for Faces_con_0002 contrast
DEBUG 2018-08-13 18:22:46,521 - Running the decision_tree model of the 1 th iteration for Faces_con_0002 contrast
DEBUG 2018-08-13 18:22:46,531 - Running the rfc model of the 1 th iteration for Faces_con_0002 contrast
DEBUG 2018-08-13 18:22:46,777 - Running the svm_kernel model of the 0 th iteration for Faces_con_0002 contrast
DEBUG 2018-08-13 18:22:46,789 - Running the naive_bayes model of the 0 th iteration for Faces_con_0002 contrast
DEBUG 2018-08-13 18:22:46,794 - Running the decision_tree model of the 0 th iteration for Faces_con_0002 contrast
DEBUG 2018-08-13 18:22:46,804 - Running the rfc model of the 0 th iteration for Faces_con_0002 contrast
DEBUG 2018-08-13 18:22:47,050 - Running the svm_kernel model of the 1 th iteration for Faces_con_0002 contrast
DEBUG 2018-08-13 18:22:47,061 - Running the naive_bayes model of the 1 th iteration for Faces_con_0002 contrast
DEBUG 2018-08-13 18:22:47,077 - Running the decision_tree model of the 1 th iteration for Faces_con_0002 contrast
DEBUG 2018-08-13 18:22:47,090 - Running the rfc model of the 1 th iteration for Faces_con_0002 contrast
DEBUG 2018-08-13 18:22:47,330 - Running the svm_kernel model of the 0 th iteration for Faces_con_0002 contrast
DEBUG 2018-08-13 18:22:47,342 - Running the naive_bayes model of the 0 th iteration for Faces_con_0002 contrast
DEBUG 2018-08-13 18:22:47,348 - Running the decision_tree model of the 0 th iteration for Faces_con_0002 contrast
DEBUG 2018-08-13 18:22:47,358 - Running the rfc model of the 0 th iteration for Faces_con_0002 contrast
DEBUG 2018-08-13 18:22:47,600 - Running the svm_kernel model of the 1 th iteration for Faces_con_0002 contrast
DEBUG 2018-08-13 18:22:47,614 - Running the naive_bayes model of the 1 th iteration for Faces_con_0002 contrast
DEBUG 2018-08-13 18:22:47,620 - Running the decision_tree model of the 1 th iteration for Faces_con_0002 contrast
DEBUG 2018-08-13 18:22:47,630 - Running the rfc model of the 1 th iteration for Faces_con_0002 contrast
DEBUG 2018-08-13 18:22:47,949 - Running the svm_kernel model of the 0 th iteration for Faces_con_0002 contrast
DEBUG 2018-08-13 18:22:47,971 - Running the naive_bayes model of the 0 th iteration for Faces_con_0002 contrast
DEBUG 2018-08-13 18:22:47,977 - Running the decision_tree model of the 0 th iteration for Faces_con_0002 contrast
DEBUG 2018-08-13 18:22:47,994 - Running the rfc model of the 0 th iteration for Faces_con_0002 contrast
DEBUG 2018-08-13 18:22:48,310 - Running the svm_kernel model of the 1 th iteration for Faces_con_0002 contrast
DEBUG 2018-08-13 18:22:48,331 - Running the naive_bayes model of the 1 th iteration for Faces_con_0002 contrast
DEBUG 2018-08-13 18:22:48,337 - Running the decision_tree model of the 1 th iteration for Faces_con_0002 contrast
DEBUG 2018-08-13 18:22:48,352 - Running the rfc model of the 1 th iteration for Faces_con_0002 contrast
DEBUG 2018-08-13 18:22:48,803 - Running the svm_kernel model of the 0 th iteration for Faces_con_0002_389 contrast
DEBUG 2018-08-13 18:22:48,819 - Running the naive_bayes model of the 0 th iteration for Faces_con_0002_389 contrast
DEBUG 2018-08-13 18:22:48,825 - Running the decision_tree model of the 0 th iteration for Faces_con_0002_389 contrast
DEBUG 2018-08-13 18:22:48,838 - Running the rfc model of the 0 th iteration for Faces_con_0002_389 contrast
DEBUG 2018-08-13 18:22:49,129 - Running the svm_kernel model of the 1 th iteration for Faces_con_0002_389 contrast
DEBUG 2018-08-13 18:22:49,145 - Running the naive_bayes model of the 1 th iteration for Faces_con_0002_389 contrast
DEBUG 2018-08-13 18:22:49,151 - Running the decision_tree model of the 1 th iteration for Faces_con_0002_389 contrast
DEBUG 2018-08-13 18:22:49,167 - Running the rfc model of the 1 th iteration for Faces_con_0002_389 contrast
DEBUG 2018-08-13 18:22:49,447 - Running the svm_kernel model of the 0 th iteration for Faces_con_0002_389 contrast
DEBUG 2018-08-13 18:22:49,468 - Running the naive_bayes model of the 0 th iteration for Faces_con_0002_389 contrast
DEBUG 2018-08-13 18:22:49,474 - Running the decision_tree model of the 0 th iteration for Faces_con_0002_389 contrast
DEBUG 2018-08-13 18:22:49,492 - Running the rfc model of the 0 th iteration for Faces_con_0002_389 contrast
DEBUG 2018-08-13 18:22:49,790 - Running the svm_kernel model of the 1 th iteration for Faces_con_0002_389 contrast
DEBUG 2018-08-13 18:22:49,811 - Running the naive_bayes model of the 1 th iteration for Faces_con_0002_389 contrast
DEBUG 2018-08-13 18:22:49,817 - Running the decision_tree model of the 1 th iteration for Faces_con_0002_389 contrast
DEBUG 2018-08-13 18:22:49,836 - Running the rfc model of the 1 th iteration for Faces_con_0002_389 contrast
DEBUG 2018-08-13 18:22:50,139 - Running the svm_kernel model of the 0 th iteration for Faces_con_0002_389 contrast
DEBUG 2018-08-13 18:22:50,160 - Running the naive_bayes model of the 0 th iteration for Faces_con_0002_389 contrast
DEBUG 2018-08-13 18:22:50,166 - Running the decision_tree model of the 0 th iteration for Faces_con_0002_389 contrast
DEBUG 2018-08-13 18:22:50,180 - Running the rfc model of the 0 th iteration for Faces_con_0002_389 contrast
DEBUG 2018-08-13 18:22:50,484 - Running the svm_kernel model of the 1 th iteration for Faces_con_0002_389 contrast
DEBUG 2018-08-13 18:22:50,506 - Running the naive_bayes model of the 1 th iteration for Faces_con_0002_389 contrast
DEBUG 2018-08-13 18:22:50,511 - Running the decision_tree model of the 1 th iteration for Faces_con_0002_389 contrast
DEBUG 2018-08-13 18:22:50,527 - Running the rfc model of the 1 th iteration for Faces_con_0002_389 contrast
DEBUG 2018-08-13 18:22:50,905 - Running the svm_kernel model of the 0 th iteration for Faces_con_0002_389 contrast
DEBUG 2018-08-13 18:22:50,954 - Running the naive_bayes model of the 0 th iteration for Faces_con_0002_389 contrast
DEBUG 2018-08-13 18:22:50,961 - Running the decision_tree model of the 0 th iteration for Faces_con_0002_389 contrast
DEBUG 2018-08-13 18:22:50,985 - Running the rfc model of the 0 th iteration for Faces_con_0002_389 contrast
DEBUG 2018-08-13 18:22:51,385 - Running the svm_kernel model of the 1 th iteration for Faces_con_0002_389 contrast
DEBUG 2018-08-13 18:22:51,436 - Running the naive_bayes model of the 1 th iteration for Faces_con_0002_389 contrast
DEBUG 2018-08-13 18:22:51,444 - Running the decision_tree model of the 1 th iteration for Faces_con_0002_389 contrast
DEBUG 2018-08-13 18:22:51,471 - Running the rfc model of the 1 th iteration for Faces_con_0002_389 contrast
DEBUG 2018-08-13 18:22:52,023 - Running the svm_kernel model of the 0 th iteration for Faces_con_0003 contrast
DEBUG 2018-08-13 18:22:52,035 - Running the naive_bayes model of the 0 th iteration for Faces_con_0003 contrast
DEBUG 2018-08-13 18:22:52,042 - Running the decision_tree model of the 0 th iteration for Faces_con_0003 contrast
DEBUG 2018-08-13 18:22:52,055 - Running the rfc model of the 0 th iteration for Faces_con_0003 contrast
DEBUG 2018-08-13 18:22:52,312 - Running the svm_kernel model of the 1 th iteration for Faces_con_0003 contrast
DEBUG 2018-08-13 18:22:52,324 - Running the naive_bayes model of the 1 th iteration for Faces_con_0003 contrast
DEBUG 2018-08-13 18:22:52,330 - Running the decision_tree model of the 1 th iteration for Faces_con_0003 contrast
DEBUG 2018-08-13 18:22:52,341 - Running the rfc model of the 1 th iteration for Faces_con_0003 contrast
DEBUG 2018-08-13 18:22:52,585 - Running the svm_kernel model of the 0 th iteration for Faces_con_0003 contrast
DEBUG 2018-08-13 18:22:52,597 - Running the naive_bayes model of the 0 th iteration for Faces_con_0003 contrast
DEBUG 2018-08-13 18:22:52,604 - Running the decision_tree model of the 0 th iteration for Faces_con_0003 contrast
DEBUG 2018-08-13 18:22:52,618 - Running the rfc model of the 0 th iteration for Faces_con_0003 contrast
DEBUG 2018-08-13 18:22:52,873 - Running the svm_kernel model of the 1 th iteration for Faces_con_0003 contrast
DEBUG 2018-08-13 18:22:52,884 - Running the naive_bayes model of the 1 th iteration for Faces_con_0003 contrast
DEBUG 2018-08-13 18:22:52,890 - Running the decision_tree model of the 1 th iteration for Faces_con_0003 contrast
DEBUG 2018-08-13 18:22:52,903 - Running the rfc model of the 1 th iteration for Faces_con_0003 contrast
DEBUG 2018-08-13 18:22:53,159 - Running the svm_kernel model of the 0 th iteration for Faces_con_0003 contrast
DEBUG 2018-08-13 18:22:53,173 - Running the naive_bayes model of the 0 th iteration for Faces_con_0003 contrast
DEBUG 2018-08-13 18:22:53,180 - Running the decision_tree model of the 0 th iteration for Faces_con_0003 contrast
DEBUG 2018-08-13 18:22:53,190 - Running the rfc model of the 0 th iteration for Faces_con_0003 contrast
DEBUG 2018-08-13 18:22:53,442 - Running the svm_kernel model of the 1 th iteration for Faces_con_0003 contrast
DEBUG 2018-08-13 18:22:53,458 - Running the naive_bayes model of the 1 th iteration for Faces_con_0003 contrast
DEBUG 2018-08-13 18:22:53,465 - Running the decision_tree model of the 1 th iteration for Faces_con_0003 contrast
DEBUG 2018-08-13 18:22:53,475 - Running the rfc model of the 1 th iteration for Faces_con_0003 contrast
DEBUG 2018-08-13 18:22:53,808 - Running the svm_kernel model of the 0 th iteration for Faces_con_0003 contrast
DEBUG 2018-08-13 18:22:53,829 - Running the naive_bayes model of the 0 th iteration for Faces_con_0003 contrast
DEBUG 2018-08-13 18:22:53,835 - Running the decision_tree model of the 0 th iteration for Faces_con_0003 contrast
DEBUG 2018-08-13 18:22:53,851 - Running the rfc model of the 0 th iteration for Faces_con_0003 contrast
DEBUG 2018-08-13 18:22:54,161 - Running the svm_kernel model of the 1 th iteration for Faces_con_0003 contrast
DEBUG 2018-08-13 18:22:54,182 - Running the naive_bayes model of the 1 th iteration for Faces_con_0003 contrast
DEBUG 2018-08-13 18:22:54,188 - Running the decision_tree model of the 1 th iteration for Faces_con_0003 contrast
DEBUG 2018-08-13 18:22:54,202 - Running the rfc model of the 1 th iteration for Faces_con_0003 contrast
DEBUG 2018-08-13 18:22:54,644 - Running the svm_kernel model of the 0 th iteration for Faces_con_0003_389 contrast
DEBUG 2018-08-13 18:22:54,660 - Running the naive_bayes model of the 0 th iteration for Faces_con_0003_389 contrast
DEBUG 2018-08-13 18:22:54,666 - Running the decision_tree model of the 0 th iteration for Faces_con_0003_389 contrast
DEBUG 2018-08-13 18:22:54,682 - Running the rfc model of the 0 th iteration for Faces_con_0003_389 contrast
DEBUG 2018-08-13 18:22:54,957 - Running the svm_kernel model of the 1 th iteration for Faces_con_0003_389 contrast
DEBUG 2018-08-13 18:22:54,973 - Running the naive_bayes model of the 1 th iteration for Faces_con_0003_389 contrast
DEBUG 2018-08-13 18:22:54,979 - Running the decision_tree model of the 1 th iteration for Faces_con_0003_389 contrast
DEBUG 2018-08-13 18:22:54,994 - Running the rfc model of the 1 th iteration for Faces_con_0003_389 contrast
DEBUG 2018-08-13 18:22:55,272 - Running the svm_kernel model of the 0 th iteration for Faces_con_0003_389 contrast
DEBUG 2018-08-13 18:22:55,292 - Running the naive_bayes model of the 0 th iteration for Faces_con_0003_389 contrast
DEBUG 2018-08-13 18:22:55,298 - Running the decision_tree model of the 0 th iteration for Faces_con_0003_389 contrast
DEBUG 2018-08-13 18:22:55,315 - Running the rfc model of the 0 th iteration for Faces_con_0003_389 contrast
DEBUG 2018-08-13 18:22:55,619 - Running the svm_kernel model of the 1 th iteration for Faces_con_0003_389 contrast
DEBUG 2018-08-13 18:22:55,641 - Running the naive_bayes model of the 1 th iteration for Faces_con_0003_389 contrast
DEBUG 2018-08-13 18:22:55,647 - Running the decision_tree model of the 1 th iteration for Faces_con_0003_389 contrast
DEBUG 2018-08-13 18:22:55,665 - Running the rfc model of the 1 th iteration for Faces_con_0003_389 contrast
DEBUG 2018-08-13 18:22:55,964 - Running the svm_kernel model of the 0 th iteration for Faces_con_0003_389 contrast
DEBUG 2018-08-13 18:22:55,984 - Running the naive_bayes model of the 0 th iteration for Faces_con_0003_389 contrast
DEBUG 2018-08-13 18:22:55,990 - Running the decision_tree model of the 0 th iteration for Faces_con_0003_389 contrast
DEBUG 2018-08-13 18:22:56,005 - Running the rfc model of the 0 th iteration for Faces_con_0003_389 contrast
DEBUG 2018-08-13 18:22:56,306 - Running the svm_kernel model of the 1 th iteration for Faces_con_0003_389 contrast
DEBUG 2018-08-13 18:22:56,326 - Running the naive_bayes model of the 1 th iteration for Faces_con_0003_389 contrast
DEBUG 2018-08-13 18:22:56,332 - Running the decision_tree model of the 1 th iteration for Faces_con_0003_389 contrast
DEBUG 2018-08-13 18:22:56,348 - Running the rfc model of the 1 th iteration for Faces_con_0003_389 contrast
DEBUG 2018-08-13 18:22:56,722 - Running the svm_kernel model of the 0 th iteration for Faces_con_0003_389 contrast
DEBUG 2018-08-13 18:22:56,779 - Running the naive_bayes model of the 0 th iteration for Faces_con_0003_389 contrast
DEBUG 2018-08-13 18:22:56,787 - Running the decision_tree model of the 0 th iteration for Faces_con_0003_389 contrast
DEBUG 2018-08-13 18:22:56,819 - Running the rfc model of the 0 th iteration for Faces_con_0003_389 contrast
DEBUG 2018-08-13 18:22:57,244 - Running the svm_kernel model of the 1 th iteration for Faces_con_0003_389 contrast
DEBUG 2018-08-13 18:22:57,285 - Running the naive_bayes model of the 1 th iteration for Faces_con_0003_389 contrast
DEBUG 2018-08-13 18:22:57,292 - Running the decision_tree model of the 1 th iteration for Faces_con_0003_389 contrast
DEBUG 2018-08-13 18:22:57,315 - Running the rfc model of the 1 th iteration for Faces_con_0003_389 contrast
DEBUG 2018-08-13 18:22:57,857 - Running the svm_kernel model of the 0 th iteration for Faces_con_0004 contrast
DEBUG 2018-08-13 18:22:57,869 - Running the naive_bayes model of the 0 th iteration for Faces_con_0004 contrast
DEBUG 2018-08-13 18:22:57,874 - Running the decision_tree model of the 0 th iteration for Faces_con_0004 contrast
DEBUG 2018-08-13 18:22:57,885 - Running the rfc model of the 0 th iteration for Faces_con_0004 contrast
DEBUG 2018-08-13 18:22:58,148 - Running the svm_kernel model of the 1 th iteration for Faces_con_0004 contrast
DEBUG 2018-08-13 18:22:58,159 - Running the naive_bayes model of the 1 th iteration for Faces_con_0004 contrast
DEBUG 2018-08-13 18:22:58,165 - Running the decision_tree model of the 1 th iteration for Faces_con_0004 contrast
DEBUG 2018-08-13 18:22:58,175 - Running the rfc model of the 1 th iteration for Faces_con_0004 contrast
DEBUG 2018-08-13 18:22:58,420 - Running the svm_kernel model of the 0 th iteration for Faces_con_0004 contrast
DEBUG 2018-08-13 18:22:58,432 - Running the naive_bayes model of the 0 th iteration for Faces_con_0004 contrast
DEBUG 2018-08-13 18:22:58,438 - Running the decision_tree model of the 0 th iteration for Faces_con_0004 contrast
DEBUG 2018-08-13 18:22:58,450 - Running the rfc model of the 0 th iteration for Faces_con_0004 contrast
DEBUG 2018-08-13 18:22:58,682 - Running the svm_kernel model of the 1 th iteration for Faces_con_0004 contrast
DEBUG 2018-08-13 18:22:58,693 - Running the naive_bayes model of the 1 th iteration for Faces_con_0004 contrast
DEBUG 2018-08-13 18:22:58,699 - Running the decision_tree model of the 1 th iteration for Faces_con_0004 contrast
DEBUG 2018-08-13 18:22:58,710 - Running the rfc model of the 1 th iteration for Faces_con_0004 contrast
DEBUG 2018-08-13 18:22:58,962 - Running the svm_kernel model of the 0 th iteration for Faces_con_0004 contrast
DEBUG 2018-08-13 18:22:58,974 - Running the naive_bayes model of the 0 th iteration for Faces_con_0004 contrast
DEBUG 2018-08-13 18:22:58,980 - Running the decision_tree model of the 0 th iteration for Faces_con_0004 contrast
DEBUG 2018-08-13 18:22:58,994 - Running the rfc model of the 0 th iteration for Faces_con_0004 contrast
DEBUG 2018-08-13 18:22:59,250 - Running the svm_kernel model of the 1 th iteration for Faces_con_0004 contrast
DEBUG 2018-08-13 18:22:59,262 - Running the naive_bayes model of the 1 th iteration for Faces_con_0004 contrast
DEBUG 2018-08-13 18:22:59,268 - Running the decision_tree model of the 1 th iteration for Faces_con_0004 contrast
DEBUG 2018-08-13 18:22:59,278 - Running the rfc model of the 1 th iteration for Faces_con_0004 contrast
DEBUG 2018-08-13 18:22:59,603 - Running the svm_kernel model of the 0 th iteration for Faces_con_0004 contrast
DEBUG 2018-08-13 18:22:59,624 - Running the naive_bayes model of the 0 th iteration for Faces_con_0004 contrast
DEBUG 2018-08-13 18:22:59,631 - Running the decision_tree model of the 0 th iteration for Faces_con_0004 contrast
DEBUG 2018-08-13 18:22:59,645 - Running the rfc model of the 0 th iteration for Faces_con_0004 contrast
DEBUG 2018-08-13 18:22:59,956 - Running the svm_kernel model of the 1 th iteration for Faces_con_0004 contrast
DEBUG 2018-08-13 18:22:59,978 - Running the naive_bayes model of the 1 th iteration for Faces_con_0004 contrast
DEBUG 2018-08-13 18:22:59,984 - Running the decision_tree model of the 1 th iteration for Faces_con_0004 contrast
DEBUG 2018-08-13 18:22:59,999 - Running the rfc model of the 1 th iteration for Faces_con_0004 contrast
DEBUG 2018-08-13 18:23:00,454 - Running the svm_kernel model of the 0 th iteration for Faces_con_0004_389 contrast
DEBUG 2018-08-13 18:23:00,470 - Running the naive_bayes model of the 0 th iteration for Faces_con_0004_389 contrast
DEBUG 2018-08-13 18:23:00,476 - Running the decision_tree model of the 0 th iteration for Faces_con_0004_389 contrast
DEBUG 2018-08-13 18:23:00,489 - Running the rfc model of the 0 th iteration for Faces_con_0004_389 contrast
DEBUG 2018-08-13 18:23:00,765 - Running the svm_kernel model of the 1 th iteration for Faces_con_0004_389 contrast
DEBUG 2018-08-13 18:23:00,782 - Running the naive_bayes model of the 1 th iteration for Faces_con_0004_389 contrast
DEBUG 2018-08-13 18:23:00,788 - Running the decision_tree model of the 1 th iteration for Faces_con_0004_389 contrast
DEBUG 2018-08-13 18:23:00,801 - Running the rfc model of the 1 th iteration for Faces_con_0004_389 contrast
DEBUG 2018-08-13 18:23:01,083 - Running the svm_kernel model of the 0 th iteration for Faces_con_0004_389 contrast
DEBUG 2018-08-13 18:23:01,103 - Running the naive_bayes model of the 0 th iteration for Faces_con_0004_389 contrast
DEBUG 2018-08-13 18:23:01,109 - Running the decision_tree model of the 0 th iteration for Faces_con_0004_389 contrast
DEBUG 2018-08-13 18:23:01,126 - Running the rfc model of the 0 th iteration for Faces_con_0004_389 contrast
DEBUG 2018-08-13 18:23:01,445 - Running the svm_kernel model of the 1 th iteration for Faces_con_0004_389 contrast
DEBUG 2018-08-13 18:23:01,468 - Running the naive_bayes model of the 1 th iteration for Faces_con_0004_389 contrast
DEBUG 2018-08-13 18:23:01,476 - Running the decision_tree model of the 1 th iteration for Faces_con_0004_389 contrast
DEBUG 2018-08-13 18:23:01,492 - Running the rfc model of the 1 th iteration for Faces_con_0004_389 contrast
DEBUG 2018-08-13 18:23:01,792 - Running the svm_kernel model of the 0 th iteration for Faces_con_0004_389 contrast
DEBUG 2018-08-13 18:23:01,812 - Running the naive_bayes model of the 0 th iteration for Faces_con_0004_389 contrast
DEBUG 2018-08-13 18:23:01,819 - Running the decision_tree model of the 0 th iteration for Faces_con_0004_389 contrast
DEBUG 2018-08-13 18:23:01,835 - Running the rfc model of the 0 th iteration for Faces_con_0004_389 contrast
DEBUG 2018-08-13 18:23:02,142 - Running the svm_kernel model of the 1 th iteration for Faces_con_0004_389 contrast
DEBUG 2018-08-13 18:23:02,163 - Running the naive_bayes model of the 1 th iteration for Faces_con_0004_389 contrast
DEBUG 2018-08-13 18:23:02,169 - Running the decision_tree model of the 1 th iteration for Faces_con_0004_389 contrast
DEBUG 2018-08-13 18:23:02,182 - Running the rfc model of the 1 th iteration for Faces_con_0004_389 contrast
DEBUG 2018-08-13 18:23:02,564 - Running the svm_kernel model of the 0 th iteration for Faces_con_0004_389 contrast
DEBUG 2018-08-13 18:23:02,609 - Running the naive_bayes model of the 0 th iteration for Faces_con_0004_389 contrast
DEBUG 2018-08-13 18:23:02,615 - Running the decision_tree model of the 0 th iteration for Faces_con_0004_389 contrast
DEBUG 2018-08-13 18:23:02,639 - Running the rfc model of the 0 th iteration for Faces_con_0004_389 contrast
DEBUG 2018-08-13 18:23:03,068 - Running the svm_kernel model of the 1 th iteration for Faces_con_0004_389 contrast
DEBUG 2018-08-13 18:23:03,110 - Running the naive_bayes model of the 1 th iteration for Faces_con_0004_389 contrast
DEBUG 2018-08-13 18:23:03,116 - Running the decision_tree model of the 1 th iteration for Faces_con_0004_389 contrast
DEBUG 2018-08-13 18:23:03,141 - Running the rfc model of the 1 th iteration for Faces_con_0004_389 contrast
DEBUG 2018-08-13 18:23:03,683 - Running the svm_kernel model of the 0 th iteration for Faces_con_0005 contrast
DEBUG 2018-08-13 18:23:03,694 - Running the naive_bayes model of the 0 th iteration for Faces_con_0005 contrast
DEBUG 2018-08-13 18:23:03,700 - Running the decision_tree model of the 0 th iteration for Faces_con_0005 contrast
DEBUG 2018-08-13 18:23:03,710 - Running the rfc model of the 0 th iteration for Faces_con_0005 contrast
DEBUG 2018-08-13 18:23:03,953 - Running the svm_kernel model of the 1 th iteration for Faces_con_0005 contrast
DEBUG 2018-08-13 18:23:03,965 - Running the naive_bayes model of the 1 th iteration for Faces_con_0005 contrast
DEBUG 2018-08-13 18:23:03,971 - Running the decision_tree model of the 1 th iteration for Faces_con_0005 contrast
DEBUG 2018-08-13 18:23:03,982 - Running the rfc model of the 1 th iteration for Faces_con_0005 contrast
DEBUG 2018-08-13 18:23:04,234 - Running the svm_kernel model of the 0 th iteration for Faces_con_0005 contrast
DEBUG 2018-08-13 18:23:04,245 - Running the naive_bayes model of the 0 th iteration for Faces_con_0005 contrast
DEBUG 2018-08-13 18:23:04,251 - Running the decision_tree model of the 0 th iteration for Faces_con_0005 contrast
DEBUG 2018-08-13 18:23:04,262 - Running the rfc model of the 0 th iteration for Faces_con_0005 contrast
DEBUG 2018-08-13 18:23:04,513 - Running the svm_kernel model of the 1 th iteration for Faces_con_0005 contrast
DEBUG 2018-08-13 18:23:04,524 - Running the naive_bayes model of the 1 th iteration for Faces_con_0005 contrast
DEBUG 2018-08-13 18:23:04,530 - Running the decision_tree model of the 1 th iteration for Faces_con_0005 contrast
DEBUG 2018-08-13 18:23:04,541 - Running the rfc model of the 1 th iteration for Faces_con_0005 contrast
DEBUG 2018-08-13 18:23:04,784 - Running the svm_kernel model of the 0 th iteration for Faces_con_0005 contrast
DEBUG 2018-08-13 18:23:04,796 - Running the naive_bayes model of the 0 th iteration for Faces_con_0005 contrast
DEBUG 2018-08-13 18:23:04,802 - Running the decision_tree model of the 0 th iteration for Faces_con_0005 contrast
DEBUG 2018-08-13 18:23:04,813 - Running the rfc model of the 0 th iteration for Faces_con_0005 contrast
DEBUG 2018-08-13 18:23:05,053 - Running the svm_kernel model of the 1 th iteration for Faces_con_0005 contrast
DEBUG 2018-08-13 18:23:05,069 - Running the naive_bayes model of the 1 th iteration for Faces_con_0005 contrast
DEBUG 2018-08-13 18:23:05,075 - Running the decision_tree model of the 1 th iteration for Faces_con_0005 contrast
DEBUG 2018-08-13 18:23:05,085 - Running the rfc model of the 1 th iteration for Faces_con_0005 contrast
DEBUG 2018-08-13 18:23:05,415 - Running the svm_kernel model of the 0 th iteration for Faces_con_0005 contrast
DEBUG 2018-08-13 18:23:05,441 - Running the naive_bayes model of the 0 th iteration for Faces_con_0005 contrast
DEBUG 2018-08-13 18:23:05,447 - Running the decision_tree model of the 0 th iteration for Faces_con_0005 contrast
DEBUG 2018-08-13 18:23:05,463 - Running the rfc model of the 0 th iteration for Faces_con_0005 contrast
DEBUG 2018-08-13 18:23:05,774 - Running the svm_kernel model of the 1 th iteration for Faces_con_0005 contrast
DEBUG 2018-08-13 18:23:05,796 - Running the naive_bayes model of the 1 th iteration for Faces_con_0005 contrast
DEBUG 2018-08-13 18:23:05,802 - Running the decision_tree model of the 1 th iteration for Faces_con_0005 contrast
DEBUG 2018-08-13 18:23:05,818 - Running the rfc model of the 1 th iteration for Faces_con_0005 contrast
DEBUG 2018-08-13 18:23:06,268 - Running the svm_kernel model of the 0 th iteration for Faces_con_0005_389 contrast
DEBUG 2018-08-13 18:23:06,289 - Running the naive_bayes model of the 0 th iteration for Faces_con_0005_389 contrast
DEBUG 2018-08-13 18:23:06,295 - Running the decision_tree model of the 0 th iteration for Faces_con_0005_389 contrast
DEBUG 2018-08-13 18:23:06,309 - Running the rfc model of the 0 th iteration for Faces_con_0005_389 contrast
DEBUG 2018-08-13 18:23:06,587 - Running the svm_kernel model of the 1 th iteration for Faces_con_0005_389 contrast
DEBUG 2018-08-13 18:23:06,604 - Running the naive_bayes model of the 1 th iteration for Faces_con_0005_389 contrast
DEBUG 2018-08-13 18:23:06,610 - Running the decision_tree model of the 1 th iteration for Faces_con_0005_389 contrast
DEBUG 2018-08-13 18:23:06,622 - Running the rfc model of the 1 th iteration for Faces_con_0005_389 contrast
DEBUG 2018-08-13 18:23:06,908 - Running the svm_kernel model of the 0 th iteration for Faces_con_0005_389 contrast
DEBUG 2018-08-13 18:23:06,928 - Running the naive_bayes model of the 0 th iteration for Faces_con_0005_389 contrast
DEBUG 2018-08-13 18:23:06,934 - Running the decision_tree model of the 0 th iteration for Faces_con_0005_389 contrast
DEBUG 2018-08-13 18:23:06,950 - Running the rfc model of the 0 th iteration for Faces_con_0005_389 contrast
DEBUG 2018-08-13 18:23:07,257 - Running the svm_kernel model of the 1 th iteration for Faces_con_0005_389 contrast
DEBUG 2018-08-13 18:23:07,281 - Running the naive_bayes model of the 1 th iteration for Faces_con_0005_389 contrast
DEBUG 2018-08-13 18:23:07,289 - Running the decision_tree model of the 1 th iteration for Faces_con_0005_389 contrast
DEBUG 2018-08-13 18:23:07,309 - Running the rfc model of the 1 th iteration for Faces_con_0005_389 contrast
DEBUG 2018-08-13 18:23:07,610 - Running the svm_kernel model of the 0 th iteration for Faces_con_0005_389 contrast
DEBUG 2018-08-13 18:23:07,630 - Running the naive_bayes model of the 0 th iteration for Faces_con_0005_389 contrast
DEBUG 2018-08-13 18:23:07,636 - Running the decision_tree model of the 0 th iteration for Faces_con_0005_389 contrast
DEBUG 2018-08-13 18:23:07,649 - Running the rfc model of the 0 th iteration for Faces_con_0005_389 contrast
DEBUG 2018-08-13 18:23:07,955 - Running the svm_kernel model of the 1 th iteration for Faces_con_0005_389 contrast
DEBUG 2018-08-13 18:23:07,977 - Running the naive_bayes model of the 1 th iteration for Faces_con_0005_389 contrast
DEBUG 2018-08-13 18:23:07,986 - Running the decision_tree model of the 1 th iteration for Faces_con_0005_389 contrast
DEBUG 2018-08-13 18:23:08,007 - Running the rfc model of the 1 th iteration for Faces_con_0005_389 contrast
DEBUG 2018-08-13 18:23:08,408 - Running the svm_kernel model of the 0 th iteration for Faces_con_0005_389 contrast
DEBUG 2018-08-13 18:23:08,449 - Running the naive_bayes model of the 0 th iteration for Faces_con_0005_389 contrast
DEBUG 2018-08-13 18:23:08,455 - Running the decision_tree model of the 0 th iteration for Faces_con_0005_389 contrast
DEBUG 2018-08-13 18:23:08,478 - Running the rfc model of the 0 th iteration for Faces_con_0005_389 contrast
DEBUG 2018-08-13 18:23:08,887 - Running the svm_kernel model of the 1 th iteration for Faces_con_0005_389 contrast
DEBUG 2018-08-13 18:23:08,928 - Running the naive_bayes model of the 1 th iteration for Faces_con_0005_389 contrast
DEBUG 2018-08-13 18:23:08,934 - Running the decision_tree model of the 1 th iteration for Faces_con_0005_389 contrast
DEBUG 2018-08-13 18:23:08,960 - Running the rfc model of the 1 th iteration for Faces_con_0005_389 contrast
DEBUG 2018-08-13 18:23:09,514 - Running the svm_kernel model of the 0 th iteration for nBack_con_0001 contrast
DEBUG 2018-08-13 18:23:09,532 - Running the naive_bayes model of the 0 th iteration for nBack_con_0001 contrast
DEBUG 2018-08-13 18:23:09,541 - Running the decision_tree model of the 0 th iteration for nBack_con_0001 contrast
DEBUG 2018-08-13 18:23:09,553 - Running the rfc model of the 0 th iteration for nBack_con_0001 contrast
DEBUG 2018-08-13 18:23:09,818 - Running the svm_kernel model of the 1 th iteration for nBack_con_0001 contrast
DEBUG 2018-08-13 18:23:09,832 - Running the naive_bayes model of the 1 th iteration for nBack_con_0001 contrast
DEBUG 2018-08-13 18:23:09,838 - Running the decision_tree model of the 1 th iteration for nBack_con_0001 contrast
DEBUG 2018-08-13 18:23:09,850 - Running the rfc model of the 1 th iteration for nBack_con_0001 contrast
DEBUG 2018-08-13 18:23:10,121 - Running the svm_kernel model of the 0 th iteration for nBack_con_0001 contrast
DEBUG 2018-08-13 18:23:10,135 - Running the naive_bayes model of the 0 th iteration for nBack_con_0001 contrast
DEBUG 2018-08-13 18:23:10,141 - Running the decision_tree model of the 0 th iteration for nBack_con_0001 contrast
DEBUG 2018-08-13 18:23:10,154 - Running the rfc model of the 0 th iteration for nBack_con_0001 contrast
DEBUG 2018-08-13 18:23:10,415 - Running the svm_kernel model of the 1 th iteration for nBack_con_0001 contrast
DEBUG 2018-08-13 18:23:10,433 - Running the naive_bayes model of the 1 th iteration for nBack_con_0001 contrast
DEBUG 2018-08-13 18:23:10,440 - Running the decision_tree model of the 1 th iteration for nBack_con_0001 contrast
DEBUG 2018-08-13 18:23:10,451 - Running the rfc model of the 1 th iteration for nBack_con_0001 contrast
DEBUG 2018-08-13 18:23:10,699 - Running the svm_kernel model of the 0 th iteration for nBack_con_0001 contrast
DEBUG 2018-08-13 18:23:10,717 - Running the naive_bayes model of the 0 th iteration for nBack_con_0001 contrast
DEBUG 2018-08-13 18:23:10,724 - Running the decision_tree model of the 0 th iteration for nBack_con_0001 contrast
DEBUG 2018-08-13 18:23:10,734 - Running the rfc model of the 0 th iteration for nBack_con_0001 contrast
DEBUG 2018-08-13 18:23:10,989 - Running the svm_kernel model of the 1 th iteration for nBack_con_0001 contrast
DEBUG 2018-08-13 18:23:11,003 - Running the naive_bayes model of the 1 th iteration for nBack_con_0001 contrast
DEBUG 2018-08-13 18:23:11,009 - Running the decision_tree model of the 1 th iteration for nBack_con_0001 contrast
DEBUG 2018-08-13 18:23:11,020 - Running the rfc model of the 1 th iteration for nBack_con_0001 contrast
DEBUG 2018-08-13 18:23:11,355 - Running the svm_kernel model of the 0 th iteration for nBack_con_0001 contrast
DEBUG 2018-08-13 18:23:11,392 - Running the naive_bayes model of the 0 th iteration for nBack_con_0001 contrast
DEBUG 2018-08-13 18:23:11,398 - Running the decision_tree model of the 0 th iteration for nBack_con_0001 contrast
DEBUG 2018-08-13 18:23:11,419 - Running the rfc model of the 0 th iteration for nBack_con_0001 contrast
DEBUG 2018-08-13 18:23:11,750 - Running the svm_kernel model of the 1 th iteration for nBack_con_0001 contrast
DEBUG 2018-08-13 18:23:11,777 - Running the naive_bayes model of the 1 th iteration for nBack_con_0001 contrast
DEBUG 2018-08-13 18:23:11,783 - Running the decision_tree model of the 1 th iteration for nBack_con_0001 contrast
DEBUG 2018-08-13 18:23:11,799 - Running the rfc model of the 1 th iteration for nBack_con_0001 contrast
DEBUG 2018-08-13 18:23:12,272 - Running the svm_kernel model of the 0 th iteration for nBack_con_0001_407 contrast
DEBUG 2018-08-13 18:23:12,289 - Running the naive_bayes model of the 0 th iteration for nBack_con_0001_407 contrast
DEBUG 2018-08-13 18:23:12,295 - Running the decision_tree model of the 0 th iteration for nBack_con_0001_407 contrast
DEBUG 2018-08-13 18:23:12,310 - Running the rfc model of the 0 th iteration for nBack_con_0001_407 contrast
DEBUG 2018-08-13 18:23:12,598 - Running the svm_kernel model of the 1 th iteration for nBack_con_0001_407 contrast
DEBUG 2018-08-13 18:23:12,614 - Running the naive_bayes model of the 1 th iteration for nBack_con_0001_407 contrast
DEBUG 2018-08-13 18:23:12,620 - Running the decision_tree model of the 1 th iteration for nBack_con_0001_407 contrast
DEBUG 2018-08-13 18:23:12,634 - Running the rfc model of the 1 th iteration for nBack_con_0001_407 contrast
DEBUG 2018-08-13 18:23:12,918 - Running the svm_kernel model of the 0 th iteration for nBack_con_0001_407 contrast
DEBUG 2018-08-13 18:23:12,941 - Running the naive_bayes model of the 0 th iteration for nBack_con_0001_407 contrast
DEBUG 2018-08-13 18:23:12,948 - Running the decision_tree model of the 0 th iteration for nBack_con_0001_407 contrast
DEBUG 2018-08-13 18:23:12,963 - Running the rfc model of the 0 th iteration for nBack_con_0001_407 contrast
DEBUG 2018-08-13 18:23:13,283 - Running the svm_kernel model of the 1 th iteration for nBack_con_0001_407 contrast
DEBUG 2018-08-13 18:23:13,308 - Running the naive_bayes model of the 1 th iteration for nBack_con_0001_407 contrast
DEBUG 2018-08-13 18:23:13,316 - Running the decision_tree model of the 1 th iteration for nBack_con_0001_407 contrast
DEBUG 2018-08-13 18:23:13,335 - Running the rfc model of the 1 th iteration for nBack_con_0001_407 contrast
DEBUG 2018-08-13 18:23:13,682 - Running the svm_kernel model of the 0 th iteration for nBack_con_0001_407 contrast
DEBUG 2018-08-13 18:23:13,710 - Running the naive_bayes model of the 0 th iteration for nBack_con_0001_407 contrast
DEBUG 2018-08-13 18:23:13,723 - Running the decision_tree model of the 0 th iteration for nBack_con_0001_407 contrast
DEBUG 2018-08-13 18:23:13,741 - Running the rfc model of the 0 th iteration for nBack_con_0001_407 contrast
DEBUG 2018-08-13 18:23:14,078 - Running the svm_kernel model of the 1 th iteration for nBack_con_0001_407 contrast
DEBUG 2018-08-13 18:23:14,102 - Running the naive_bayes model of the 1 th iteration for nBack_con_0001_407 contrast
DEBUG 2018-08-13 18:23:14,108 - Running the decision_tree model of the 1 th iteration for nBack_con_0001_407 contrast
DEBUG 2018-08-13 18:23:14,126 - Running the rfc model of the 1 th iteration for nBack_con_0001_407 contrast
DEBUG 2018-08-13 18:23:14,523 - Running the svm_kernel model of the 0 th iteration for nBack_con_0001_407 contrast
DEBUG 2018-08-13 18:23:14,572 - Running the naive_bayes model of the 0 th iteration for nBack_con_0001_407 contrast
DEBUG 2018-08-13 18:23:14,579 - Running the decision_tree model of the 0 th iteration for nBack_con_0001_407 contrast
DEBUG 2018-08-13 18:23:14,603 - Running the rfc model of the 0 th iteration for nBack_con_0001_407 contrast
DEBUG 2018-08-13 18:23:15,044 - Running the svm_kernel model of the 1 th iteration for nBack_con_0001_407 contrast
DEBUG 2018-08-13 18:23:15,094 - Running the naive_bayes model of the 1 th iteration for nBack_con_0001_407 contrast
DEBUG 2018-08-13 18:23:15,102 - Running the decision_tree model of the 1 th iteration for nBack_con_0001_407 contrast
DEBUG 2018-08-13 18:23:15,125 - Running the rfc model of the 1 th iteration for nBack_con_0001_407 contrast
DEBUG 2018-08-13 18:23:15,806 - Running the svm_kernel model of the 0 th iteration for nBack_con_0002 contrast
DEBUG 2018-08-13 18:23:15,820 - Running the naive_bayes model of the 0 th iteration for nBack_con_0002 contrast
DEBUG 2018-08-13 18:23:15,826 - Running the decision_tree model of the 0 th iteration for nBack_con_0002 contrast
DEBUG 2018-08-13 18:23:15,838 - Running the rfc model of the 0 th iteration for nBack_con_0002 contrast
DEBUG 2018-08-13 18:23:16,119 - Running the svm_kernel model of the 1 th iteration for nBack_con_0002 contrast
DEBUG 2018-08-13 18:23:16,134 - Running the naive_bayes model of the 1 th iteration for nBack_con_0002 contrast
DEBUG 2018-08-13 18:23:16,141 - Running the decision_tree model of the 1 th iteration for nBack_con_0002 contrast
DEBUG 2018-08-13 18:23:16,154 - Running the rfc model of the 1 th iteration for nBack_con_0002 contrast
DEBUG 2018-08-13 18:23:16,433 - Running the svm_kernel model of the 0 th iteration for nBack_con_0002 contrast
DEBUG 2018-08-13 18:23:16,447 - Running the naive_bayes model of the 0 th iteration for nBack_con_0002 contrast
DEBUG 2018-08-13 18:23:16,453 - Running the decision_tree model of the 0 th iteration for nBack_con_0002 contrast
DEBUG 2018-08-13 18:23:16,465 - Running the rfc model of the 0 th iteration for nBack_con_0002 contrast
DEBUG 2018-08-13 18:23:16,747 - Running the svm_kernel model of the 1 th iteration for nBack_con_0002 contrast
DEBUG 2018-08-13 18:23:16,763 - Running the naive_bayes model of the 1 th iteration for nBack_con_0002 contrast
DEBUG 2018-08-13 18:23:16,770 - Running the decision_tree model of the 1 th iteration for nBack_con_0002 contrast
DEBUG 2018-08-13 18:23:16,782 - Running the rfc model of the 1 th iteration for nBack_con_0002 contrast
DEBUG 2018-08-13 18:23:17,074 - Running the svm_kernel model of the 0 th iteration for nBack_con_0002 contrast
DEBUG 2018-08-13 18:23:17,089 - Running the naive_bayes model of the 0 th iteration for nBack_con_0002 contrast
DEBUG 2018-08-13 18:23:17,095 - Running the decision_tree model of the 0 th iteration for nBack_con_0002 contrast
DEBUG 2018-08-13 18:23:17,106 - Running the rfc model of the 0 th iteration for nBack_con_0002 contrast
DEBUG 2018-08-13 18:23:17,392 - Running the svm_kernel model of the 1 th iteration for nBack_con_0002 contrast
DEBUG 2018-08-13 18:23:17,407 - Running the naive_bayes model of the 1 th iteration for nBack_con_0002 contrast
DEBUG 2018-08-13 18:23:17,414 - Running the decision_tree model of the 1 th iteration for nBack_con_0002 contrast
DEBUG 2018-08-13 18:23:17,429 - Running the rfc model of the 1 th iteration for nBack_con_0002 contrast
DEBUG 2018-08-13 18:23:17,793 - Running the svm_kernel model of the 0 th iteration for nBack_con_0002 contrast
DEBUG 2018-08-13 18:23:17,822 - Running the naive_bayes model of the 0 th iteration for nBack_con_0002 contrast
DEBUG 2018-08-13 18:23:17,829 - Running the decision_tree model of the 0 th iteration for nBack_con_0002 contrast
DEBUG 2018-08-13 18:23:17,851 - Running the rfc model of the 0 th iteration for nBack_con_0002 contrast
DEBUG 2018-08-13 18:23:18,217 - Running the svm_kernel model of the 1 th iteration for nBack_con_0002 contrast
DEBUG 2018-08-13 18:23:18,244 - Running the naive_bayes model of the 1 th iteration for nBack_con_0002 contrast
DEBUG 2018-08-13 18:23:18,251 - Running the decision_tree model of the 1 th iteration for nBack_con_0002 contrast
DEBUG 2018-08-13 18:23:18,269 - Running the rfc model of the 1 th iteration for nBack_con_0002 contrast
DEBUG 2018-08-13 18:23:18,737 - Running the svm_kernel model of the 0 th iteration for nBack_con_0002_407 contrast
DEBUG 2018-08-13 18:23:18,753 - Running the naive_bayes model of the 0 th iteration for nBack_con_0002_407 contrast
DEBUG 2018-08-13 18:23:18,760 - Running the decision_tree model of the 0 th iteration for nBack_con_0002_407 contrast
DEBUG 2018-08-13 18:23:18,773 - Running the rfc model of the 0 th iteration for nBack_con_0002_407 contrast
DEBUG 2018-08-13 18:23:19,042 - Running the svm_kernel model of the 1 th iteration for nBack_con_0002_407 contrast
DEBUG 2018-08-13 18:23:19,062 - Running the naive_bayes model of the 1 th iteration for nBack_con_0002_407 contrast
DEBUG 2018-08-13 18:23:19,068 - Running the decision_tree model of the 1 th iteration for nBack_con_0002_407 contrast
DEBUG 2018-08-13 18:23:19,083 - Running the rfc model of the 1 th iteration for nBack_con_0002_407 contrast
DEBUG 2018-08-13 18:23:19,355 - Running the svm_kernel model of the 0 th iteration for nBack_con_0002_407 contrast
DEBUG 2018-08-13 18:23:19,380 - Running the naive_bayes model of the 0 th iteration for nBack_con_0002_407 contrast
DEBUG 2018-08-13 18:23:19,387 - Running the decision_tree model of the 0 th iteration for nBack_con_0002_407 contrast
DEBUG 2018-08-13 18:23:19,405 - Running the rfc model of the 0 th iteration for nBack_con_0002_407 contrast
DEBUG 2018-08-13 18:23:19,726 - Running the svm_kernel model of the 1 th iteration for nBack_con_0002_407 contrast
DEBUG 2018-08-13 18:23:19,748 - Running the naive_bayes model of the 1 th iteration for nBack_con_0002_407 contrast
DEBUG 2018-08-13 18:23:19,756 - Running the decision_tree model of the 1 th iteration for nBack_con_0002_407 contrast
DEBUG 2018-08-13 18:23:19,772 - Running the rfc model of the 1 th iteration for nBack_con_0002_407 contrast
DEBUG 2018-08-13 18:23:20,096 - Running the svm_kernel model of the 0 th iteration for nBack_con_0002_407 contrast
DEBUG 2018-08-13 18:23:20,118 - Running the naive_bayes model of the 0 th iteration for nBack_con_0002_407 contrast
DEBUG 2018-08-13 18:23:20,124 - Running the decision_tree model of the 0 th iteration for nBack_con_0002_407 contrast
DEBUG 2018-08-13 18:23:20,141 - Running the rfc model of the 0 th iteration for nBack_con_0002_407 contrast
DEBUG 2018-08-13 18:23:20,457 - Running the svm_kernel model of the 1 th iteration for nBack_con_0002_407 contrast
DEBUG 2018-08-13 18:23:20,480 - Running the naive_bayes model of the 1 th iteration for nBack_con_0002_407 contrast
DEBUG 2018-08-13 18:23:20,487 - Running the decision_tree model of the 1 th iteration for nBack_con_0002_407 contrast
DEBUG 2018-08-13 18:23:20,504 - Running the rfc model of the 1 th iteration for nBack_con_0002_407 contrast
DEBUG 2018-08-13 18:23:20,929 - Running the svm_kernel model of the 0 th iteration for nBack_con_0002_407 contrast
DEBUG 2018-08-13 18:23:20,979 - Running the naive_bayes model of the 0 th iteration for nBack_con_0002_407 contrast
DEBUG 2018-08-13 18:23:20,987 - Running the decision_tree model of the 0 th iteration for nBack_con_0002_407 contrast
DEBUG 2018-08-13 18:23:21,015 - Running the rfc model of the 0 th iteration for nBack_con_0002_407 contrast
DEBUG 2018-08-13 18:23:21,446 - Running the svm_kernel model of the 1 th iteration for nBack_con_0002_407 contrast
DEBUG 2018-08-13 18:23:21,491 - Running the naive_bayes model of the 1 th iteration for nBack_con_0002_407 contrast
DEBUG 2018-08-13 18:23:21,498 - Running the decision_tree model of the 1 th iteration for nBack_con_0002_407 contrast
DEBUG 2018-08-13 18:23:21,526 - Running the rfc model of the 1 th iteration for nBack_con_0002_407 contrast
DEBUG 2018-08-13 18:23:22,108 - Running the svm_kernel model of the 0 th iteration for nBack_con_0003 contrast
DEBUG 2018-08-13 18:23:22,124 - Running the naive_bayes model of the 0 th iteration for nBack_con_0003 contrast
DEBUG 2018-08-13 18:23:22,131 - Running the decision_tree model of the 0 th iteration for nBack_con_0003 contrast
DEBUG 2018-08-13 18:23:22,145 - Running the rfc model of the 0 th iteration for nBack_con_0003 contrast
DEBUG 2018-08-13 18:23:22,414 - Running the svm_kernel model of the 1 th iteration for nBack_con_0003 contrast
DEBUG 2018-08-13 18:23:22,428 - Running the naive_bayes model of the 1 th iteration for nBack_con_0003 contrast
DEBUG 2018-08-13 18:23:22,434 - Running the decision_tree model of the 1 th iteration for nBack_con_0003 contrast
DEBUG 2018-08-13 18:23:22,448 - Running the rfc model of the 1 th iteration for nBack_con_0003 contrast
DEBUG 2018-08-13 18:23:22,798 - Running the svm_kernel model of the 0 th iteration for nBack_con_0003 contrast
DEBUG 2018-08-13 18:23:22,826 - Running the naive_bayes model of the 0 th iteration for nBack_con_0003 contrast
DEBUG 2018-08-13 18:23:22,843 - Running the decision_tree model of the 0 th iteration for nBack_con_0003 contrast
DEBUG 2018-08-13 18:23:22,866 - Running the rfc model of the 0 th iteration for nBack_con_0003 contrast
DEBUG 2018-08-13 18:23:23,242 - Running the svm_kernel model of the 1 th iteration for nBack_con_0003 contrast
DEBUG 2018-08-13 18:23:23,258 - Running the naive_bayes model of the 1 th iteration for nBack_con_0003 contrast
DEBUG 2018-08-13 18:23:23,264 - Running the decision_tree model of the 1 th iteration for nBack_con_0003 contrast
DEBUG 2018-08-13 18:23:23,304 - Running the rfc model of the 1 th iteration for nBack_con_0003 contrast
DEBUG 2018-08-13 18:23:23,631 - Running the svm_kernel model of the 0 th iteration for nBack_con_0003 contrast
DEBUG 2018-08-13 18:23:23,649 - Running the naive_bayes model of the 0 th iteration for nBack_con_0003 contrast
DEBUG 2018-08-13 18:23:23,658 - Running the decision_tree model of the 0 th iteration for nBack_con_0003 contrast
DEBUG 2018-08-13 18:23:23,677 - Running the rfc model of the 0 th iteration for nBack_con_0003 contrast
DEBUG 2018-08-13 18:23:23,957 - Running the svm_kernel model of the 1 th iteration for nBack_con_0003 contrast
DEBUG 2018-08-13 18:23:23,974 - Running the naive_bayes model of the 1 th iteration for nBack_con_0003 contrast
DEBUG 2018-08-13 18:23:23,981 - Running the decision_tree model of the 1 th iteration for nBack_con_0003 contrast
DEBUG 2018-08-13 18:23:23,996 - Running the rfc model of the 1 th iteration for nBack_con_0003 contrast
DEBUG 2018-08-13 18:23:24,353 - Running the svm_kernel model of the 0 th iteration for nBack_con_0003 contrast
DEBUG 2018-08-13 18:23:24,387 - Running the naive_bayes model of the 0 th iteration for nBack_con_0003 contrast
DEBUG 2018-08-13 18:23:24,394 - Running the decision_tree model of the 0 th iteration for nBack_con_0003 contrast
DEBUG 2018-08-13 18:23:24,418 - Running the rfc model of the 0 th iteration for nBack_con_0003 contrast
DEBUG 2018-08-13 18:23:24,769 - Running the svm_kernel model of the 1 th iteration for nBack_con_0003 contrast
DEBUG 2018-08-13 18:23:24,796 - Running the naive_bayes model of the 1 th iteration for nBack_con_0003 contrast
DEBUG 2018-08-13 18:23:24,803 - Running the decision_tree model of the 1 th iteration for nBack_con_0003 contrast
DEBUG 2018-08-13 18:23:24,820 - Running the rfc model of the 1 th iteration for nBack_con_0003 contrast
DEBUG 2018-08-13 18:23:25,310 - Running the svm_kernel model of the 0 th iteration for nBack_con_0003_407 contrast
DEBUG 2018-08-13 18:23:25,332 - Running the naive_bayes model of the 0 th iteration for nBack_con_0003_407 contrast
DEBUG 2018-08-13 18:23:25,338 - Running the decision_tree model of the 0 th iteration for nBack_con_0003_407 contrast
DEBUG 2018-08-13 18:23:25,358 - Running the rfc model of the 0 th iteration for nBack_con_0003_407 contrast
DEBUG 2018-08-13 18:23:25,636 - Running the svm_kernel model of the 1 th iteration for nBack_con_0003_407 contrast
DEBUG 2018-08-13 18:23:25,658 - Running the naive_bayes model of the 1 th iteration for nBack_con_0003_407 contrast
DEBUG 2018-08-13 18:23:25,669 - Running the decision_tree model of the 1 th iteration for nBack_con_0003_407 contrast
DEBUG 2018-08-13 18:23:25,685 - Running the rfc model of the 1 th iteration for nBack_con_0003_407 contrast
DEBUG 2018-08-13 18:23:25,962 - Running the svm_kernel model of the 0 th iteration for nBack_con_0003_407 contrast
DEBUG 2018-08-13 18:23:25,989 - Running the naive_bayes model of the 0 th iteration for nBack_con_0003_407 contrast
DEBUG 2018-08-13 18:23:26,000 - Running the decision_tree model of the 0 th iteration for nBack_con_0003_407 contrast
DEBUG 2018-08-13 18:23:26,018 - Running the rfc model of the 0 th iteration for nBack_con_0003_407 contrast
DEBUG 2018-08-13 18:23:26,337 - Running the svm_kernel model of the 1 th iteration for nBack_con_0003_407 contrast
DEBUG 2018-08-13 18:23:26,367 - Running the naive_bayes model of the 1 th iteration for nBack_con_0003_407 contrast
DEBUG 2018-08-13 18:23:26,374 - Running the decision_tree model of the 1 th iteration for nBack_con_0003_407 contrast
DEBUG 2018-08-13 18:23:26,393 - Running the rfc model of the 1 th iteration for nBack_con_0003_407 contrast
DEBUG 2018-08-13 18:23:26,707 - Running the svm_kernel model of the 0 th iteration for nBack_con_0003_407 contrast
DEBUG 2018-08-13 18:23:26,732 - Running the naive_bayes model of the 0 th iteration for nBack_con_0003_407 contrast
DEBUG 2018-08-13 18:23:26,741 - Running the decision_tree model of the 0 th iteration for nBack_con_0003_407 contrast
DEBUG 2018-08-13 18:23:26,758 - Running the rfc model of the 0 th iteration for nBack_con_0003_407 contrast
DEBUG 2018-08-13 18:23:27,108 - Running the svm_kernel model of the 1 th iteration for nBack_con_0003_407 contrast
DEBUG 2018-08-13 18:23:27,139 - Running the naive_bayes model of the 1 th iteration for nBack_con_0003_407 contrast
DEBUG 2018-08-13 18:23:27,148 - Running the decision_tree model of the 1 th iteration for nBack_con_0003_407 contrast
DEBUG 2018-08-13 18:23:27,166 - Running the rfc model of the 1 th iteration for nBack_con_0003_407 contrast
DEBUG 2018-08-13 18:23:27,618 - Running the svm_kernel model of the 0 th iteration for nBack_con_0003_407 contrast
DEBUG 2018-08-13 18:23:27,666 - Running the naive_bayes model of the 0 th iteration for nBack_con_0003_407 contrast
DEBUG 2018-08-13 18:23:27,673 - Running the decision_tree model of the 0 th iteration for nBack_con_0003_407 contrast
DEBUG 2018-08-13 18:23:27,696 - Running the rfc model of the 0 th iteration for nBack_con_0003_407 contrast
DEBUG 2018-08-13 18:23:28,161 - Running the svm_kernel model of the 1 th iteration for nBack_con_0003_407 contrast
DEBUG 2018-08-13 18:23:28,207 - Running the naive_bayes model of the 1 th iteration for nBack_con_0003_407 contrast
DEBUG 2018-08-13 18:23:28,214 - Running the decision_tree model of the 1 th iteration for nBack_con_0003_407 contrast
DEBUG 2018-08-13 18:23:28,238 - Running the rfc model of the 1 th iteration for nBack_con_0003_407 contrast
